22:15:21 | Device: cuda
22:15:21 | Config: N=500, K=1, g=1.2, tau=10.0, dt=0.1
22:15:21 |   eta_w=0.01, eta_m=0.001, alpha=1.0
22:15:21 |   train=60s (600000 steps), test=10s
22:15:21 | Log file: /raid/predictive_alignment/results/01_sine_wave_v3/experiment.log
22:15:21 |   Monitor with: tail -f /raid/predictive_alignment/results/01_sine_wave_v3/experiment.log
22:15:22 | Lyapunov exponent before training: 6.6439
22:15:22 | Training for 600000 steps (60s simulated)...
22:15:24 |   step   10000/600000 (  1.7%) | mean_err=0.004129 | max|x|=9.11 | t=1000.0ms
22:15:27 |   step   20000/600000 (  3.3%) | mean_err=0.004440 | max|x|=10.22 | t=2000.0ms
22:15:29 |   step   30000/600000 (  5.0%) | mean_err=0.005975 | max|x|=7.48 | t=3000.0ms
22:15:31 |   step   40000/600000 (  6.7%) | mean_err=0.008282 | max|x|=9.11 | t=4000.0ms
22:15:33 |   step   50000/600000 (  8.3%) | mean_err=0.007432 | max|x|=10.18 | t=5000.0ms
22:15:35 |   step   60000/600000 ( 10.0%) | mean_err=0.008049 | max|x|=7.62 | t=6000.0ms
22:15:37 |   step   70000/600000 ( 11.7%) | mean_err=0.008978 | max|x|=9.23 | t=7000.0ms
22:15:39 |   step   80000/600000 ( 13.3%) | mean_err=0.007750 | max|x|=10.20 | t=8000.0ms
22:15:41 |   step   90000/600000 ( 15.0%) | mean_err=0.007522 | max|x|=7.53 | t=9000.0ms
22:15:43 |   step  100000/600000 ( 16.7%) | mean_err=0.008024 | max|x|=9.08 | t=10000.0ms
22:15:46 |   step  110000/600000 ( 18.3%) | mean_err=0.006241 | max|x|=10.17 | t=11000.0ms
22:15:48 |   step  120000/600000 ( 20.0%) | mean_err=0.006186 | max|x|=7.54 | t=12000.0ms
22:15:50 |   step  130000/600000 ( 21.7%) | mean_err=0.006662 | max|x|=9.00 | t=13000.0ms
22:15:52 |   step  140000/600000 ( 23.3%) | mean_err=0.004942 | max|x|=10.15 | t=14000.0ms
22:15:54 |   step  150000/600000 ( 25.0%) | mean_err=0.005170 | max|x|=7.64 | t=15000.0ms
22:15:56 |   step  160000/600000 ( 26.7%) | mean_err=0.005859 | max|x|=8.94 | t=16000.0ms
22:15:58 |   step  170000/600000 ( 28.3%) | mean_err=0.004404 | max|x|=10.17 | t=17000.0ms
22:16:00 |   step  180000/600000 ( 30.0%) | mean_err=0.004203 | max|x|=7.62 | t=18000.0ms
22:16:03 |   step  190000/600000 ( 31.7%) | mean_err=0.004762 | max|x|=8.82 | t=19000.0ms
22:16:05 |   step  200000/600000 ( 33.3%) | mean_err=0.003780 | max|x|=10.19 | t=20000.0ms
22:16:07 |   step  210000/600000 ( 35.0%) | mean_err=0.003662 | max|x|=7.53 | t=21000.0ms
22:16:09 |   step  220000/600000 ( 36.7%) | mean_err=0.004008 | max|x|=8.85 | t=22000.0ms
22:16:11 |   step  230000/600000 ( 38.3%) | mean_err=0.003229 | max|x|=10.19 | t=23000.0ms
22:16:13 |   step  240000/600000 ( 40.0%) | mean_err=0.003252 | max|x|=7.54 | t=24000.0ms
22:16:15 |   step  250000/600000 ( 41.7%) | mean_err=0.003403 | max|x|=8.94 | t=25000.0ms
22:16:18 |   step  260000/600000 ( 43.3%) | mean_err=0.002927 | max|x|=10.18 | t=26000.0ms
22:16:20 |   step  270000/600000 ( 45.0%) | mean_err=0.002915 | max|x|=7.56 | t=27000.0ms
22:16:22 |   step  280000/600000 ( 46.7%) | mean_err=0.003104 | max|x|=8.94 | t=28000.0ms
22:16:24 |   step  290000/600000 ( 48.3%) | mean_err=0.002900 | max|x|=10.18 | t=29000.0ms
22:16:26 |   step  300000/600000 ( 50.0%) | mean_err=0.002871 | max|x|=7.55 | t=30000.0ms
22:16:28 |   step  310000/600000 ( 51.7%) | mean_err=0.003057 | max|x|=8.94 | t=31000.0ms
22:16:30 |   step  320000/600000 ( 53.3%) | mean_err=0.002202 | max|x|=10.18 | t=32000.0ms
22:16:32 |   step  330000/600000 ( 55.0%) | mean_err=0.002466 | max|x|=7.57 | t=33000.0ms
22:16:35 |   step  340000/600000 ( 56.7%) | mean_err=0.002901 | max|x|=8.93 | t=34000.0ms
22:16:37 |   step  350000/600000 ( 58.3%) | mean_err=0.002399 | max|x|=10.18 | t=35000.0ms
22:16:39 |   step  360000/600000 ( 60.0%) | mean_err=0.002713 | max|x|=7.58 | t=36000.0ms
22:16:41 |   step  370000/600000 ( 61.7%) | mean_err=0.002800 | max|x|=8.91 | t=37000.0ms
22:16:43 |   step  380000/600000 ( 63.3%) | mean_err=0.002388 | max|x|=10.18 | t=38000.0ms
22:16:45 |   step  390000/600000 ( 65.0%) | mean_err=0.002212 | max|x|=7.58 | t=39000.0ms
22:16:47 |   step  400000/600000 ( 66.7%) | mean_err=0.002658 | max|x|=8.90 | t=40000.0ms
22:16:49 |   step  410000/600000 ( 68.3%) | mean_err=0.002272 | max|x|=10.18 | t=41000.0ms
22:16:51 |   step  420000/600000 ( 70.0%) | mean_err=0.002209 | max|x|=7.57 | t=42000.0ms
22:16:53 |   step  430000/600000 ( 71.7%) | mean_err=0.002292 | max|x|=8.92 | t=43000.0ms
22:16:56 |   step  440000/600000 ( 73.3%) | mean_err=0.002143 | max|x|=10.18 | t=44000.0ms
22:16:58 |   step  450000/600000 ( 75.0%) | mean_err=0.002288 | max|x|=7.56 | t=45000.0ms
22:17:00 |   step  460000/600000 ( 76.7%) | mean_err=0.002645 | max|x|=8.94 | t=46000.0ms
22:17:02 |   step  470000/600000 ( 78.3%) | mean_err=0.002388 | max|x|=10.18 | t=47000.0ms
22:17:04 |   step  480000/600000 ( 80.0%) | mean_err=0.002493 | max|x|=7.56 | t=48000.0ms
22:17:06 |   step  490000/600000 ( 81.7%) | mean_err=0.002624 | max|x|=8.95 | t=49000.0ms
22:17:08 |   step  500000/600000 ( 83.3%) | mean_err=0.002233 | max|x|=10.18 | t=50000.0ms
22:17:10 |   step  510000/600000 ( 85.0%) | mean_err=0.002315 | max|x|=7.56 | t=51000.0ms
22:17:12 |   step  520000/600000 ( 86.7%) | mean_err=0.002046 | max|x|=8.95 | t=52000.0ms
22:17:15 |   step  530000/600000 ( 88.3%) | mean_err=0.001691 | max|x|=10.18 | t=53000.0ms
22:17:17 |   step  540000/600000 ( 90.0%) | mean_err=0.001875 | max|x|=7.56 | t=54000.0ms
22:17:19 |   step  550000/600000 ( 91.7%) | mean_err=0.002385 | max|x|=8.95 | t=55000.0ms
22:17:21 |   step  560000/600000 ( 93.3%) | mean_err=0.002094 | max|x|=10.18 | t=56000.0ms
22:17:23 |   step  570000/600000 ( 95.0%) | mean_err=0.002249 | max|x|=7.56 | t=57000.0ms
22:17:25 |   step  580000/600000 ( 96.7%) | mean_err=0.002130 | max|x|=8.94 | t=58000.0ms
22:17:27 |   step  590000/600000 ( 98.3%) | mean_err=0.002001 | max|x|=10.19 | t=59000.0ms
22:17:29 | Testing for 100000 steps (10s, plasticity off)...
22:17:38 | Lyapunov exponent after training: 34.5837
22:17:39 | Saved: /raid/predictive_alignment/results/01_sine_wave_v3/test_autonomous.png
22:17:40 | === Results ===
22:17:40 | Lyapunov before: 6.6439
22:17:40 | Lyapunov after:  34.5837
22:17:40 | Early training error (mean): 0.006383
22:17:40 | Late training error (mean):  0.002102
22:17:40 | Test RMSE (plasticity off):  0.515386
22:17:40 | Plots saved to /raid/predictive_alignment/results/01_sine_wave_v3/
22:17:40 | Saved: /raid/predictive_alignment/results/01_sine_wave_v3/results.npz
