15:16:00 | Exp 3.6: Capacity limit — tasks vs N scaling
15:16:00 | N values: [500, 1000, 2000]
15:16:00 | Task counts: [4, 8, 12, 16, 20, 30, 50]
15:16:00 | Train: 15s per task, Test: 5s
15:16:00 | Device: cuda
15:16:00 | Task pool: 50 waveforms
15:16:00 | Tasks: ['sine_p200', 'sine_p400', 'sine_p600', 'sine_p800', 'sine_p1000', 'sine_p1200', 'sine_p1500', 'sine_p2000', 'saw_p300', 'saw_p600', 'saw_p900', 'saw_p1200', 'saw_p1800', 'tri_p250', 'tri_p500', 'tri_p750', 'tri_p1000', 'tri_p1500', 'sq_p400', 'sq_p800', 'sq_p1200', 'sq_p1600', 'chirp_200_800', 'chirp_400_1200', 'chirp_600_1800', 'am_300_3000', 'am_500_5000', 'am_400_2000', 'rect_p400', 'rect_p800', 'rect_p1200', 'ms_200_600', 'ms_300_900', 'ms_400_1200', 'ms_500_1500', 'sin_saw_400', 'sin_saw_600', 'clip_sine_400', 'clip_sine_800', 'burst_2000', 'sine_p350', 'sine_p550', 'sine_p1400', 'tri_p350', 'tri_p2000', 'cos_p600', 'cos_p1000', 'chirp_300_1500', 'saw_tri_500', 'saw_tri_800']
15:16:00 | 
######################################################################
15:16:00 | # N = 500
15:16:00 | ######################################################################
15:16:00 |   n_tasks=4...
15:16:20 |     max_ratio=0.705, mean_ratio=0.612, time=20.4s
15:16:20 |   n_tasks=8...
15:17:15 |     max_ratio=1.026, mean_ratio=0.714, time=55.3s
15:17:15 |   n_tasks=12...
15:18:58 |     max_ratio=1.804, mean_ratio=0.892, time=102.8s
15:18:58 |   n_tasks=16...
15:21:44 |     max_ratio=1.738, mean_ratio=0.949, time=166.0s
15:21:44 |   n_tasks=20...
15:25:52 |     max_ratio=1.881, mean_ratio=0.797, time=248.2s
15:25:52 |   n_tasks=30...
15:34:07 |     max_ratio=1.023, mean_ratio=0.753, time=494.4s
15:34:07 |   n_tasks=50...
15:55:32 |     max_ratio=1.237, mean_ratio=0.783, time=1285.8s
15:55:32 | 
######################################################################
15:55:32 | # N = 1000
15:55:32 | ######################################################################
15:55:32 |   n_tasks=4...
15:55:55 |     max_ratio=1.805, mean_ratio=1.172, time=23.0s
15:55:55 |   n_tasks=8...
15:56:58 |     max_ratio=0.942, mean_ratio=0.783, time=62.7s
15:56:58 |   n_tasks=12...
15:58:54 |     max_ratio=1.013, mean_ratio=0.720, time=116.3s
15:58:54 |   n_tasks=16...
16:02:00 |     max_ratio=0.983, mean_ratio=0.758, time=185.9s
16:02:00 |   n_tasks=20...
16:06:32 |     max_ratio=0.963, mean_ratio=0.675, time=271.2s
16:06:32 |   n_tasks=30...
16:15:43 |     max_ratio=1.331, mean_ratio=0.719, time=551.4s
16:15:43 |   n_tasks=50...
16:39:08 |     max_ratio=1.000, mean_ratio=0.708, time=1404.8s
16:39:08 | 
######################################################################
16:39:08 | # N = 2000
16:39:08 | ######################################################################
16:39:08 |   n_tasks=4...
16:40:46 |     max_ratio=0.994, mean_ratio=0.818, time=98.0s
16:40:46 |   n_tasks=8...
16:45:10 |     max_ratio=1.024, mean_ratio=0.834, time=264.7s
16:45:10 |   n_tasks=12...
16:53:13 |     max_ratio=1.046, mean_ratio=0.760, time=482.8s
16:53:13 |   n_tasks=16...
17:05:50 |     max_ratio=1.731, mean_ratio=0.686, time=757.2s
17:05:50 |   n_tasks=20...
17:23:58 |     max_ratio=1.204, mean_ratio=0.703, time=1088.0s
17:23:58 |   n_tasks=30...
18:00:02 |     max_ratio=1.039, mean_ratio=0.661, time=2163.5s
18:00:02 |   n_tasks=50...
19:29:36 |     max_ratio=1.007, mean_ratio=0.693, time=5373.7s
19:29:36 | 
======================================================================
19:29:36 | SUMMARY
19:29:36 | ======================================================================
19:29:36 |  n_tasks | N=  500 max  mean | N= 1000 max  mean | N= 2000 max  mean
19:29:36 | --------------------------------------------------------------------
19:29:36 |        4 |      0.705 0.612 |      1.805 1.172 |      0.994 0.818
19:29:36 |        8 |      1.026 0.714 |      0.942 0.783 |      1.024 0.834
19:29:36 |       12 |      1.804 0.892 |      1.013 0.720 |      1.046 0.760
19:29:36 |       16 |      1.738 0.949 |      0.983 0.758 |      1.731 0.686
19:29:36 |       20 |      1.881 0.797 |      0.963 0.675 |      1.204 0.703
19:29:36 |       30 |      1.023 0.753 |      1.331 0.719 |      1.039 0.661
19:29:36 |       50 |      1.237 0.783 |      1.000 0.708 |      1.007 0.693
19:29:36 | 
All results in: /raid/predictive_alignment/results/exp3_6_capacity_limit/
