14:49:24 | Exp 3.5: N-scaling for 4-system continual learning
14:49:24 | N values: [100, 200, 500, 1000, 2000]
14:49:24 | Tasks: ['sine', 'lorenz', 'multi_sine', 'sawtooth']
14:49:24 | Training: 15s per task, Test: 10s
14:49:24 | Device: cuda
14:49:25 | 
######################################################################
14:49:25 | # N = 100
14:49:25 | ######################################################################
14:49:25 |   Phase 1: Training on sine (K=1)
14:49:29 |     Errors: sine=1.1822 | lorenz=2.8037 | multi_sine=0.6649 | sawtooth=0.7501
14:49:29 |   Phase 2: Training on lorenz (K=3)
14:49:34 |     Errors: sine=0.9751 | lorenz=2.9859 | multi_sine=0.6649 | sawtooth=0.7501
14:49:34 |   Phase 3: Training on multi_sine (K=1)
14:49:38 |     Errors: sine=0.9925 | lorenz=5.8974 | multi_sine=1.2001 | sawtooth=0.7501
14:49:38 |   Phase 4: Training on sawtooth (K=1)
14:49:43 |     Errors: sine=1.1864 | lorenz=4.0708 | multi_sine=2.1079 | sawtooth=0.9284
14:49:43 |   N=100 done in 18.1s
14:49:43 |   Forgetting ratios: {'sine': np.float64(1.0035435549455438), 'lorenz': np.float64(1.3633301179653465), 'multi_sine': np.float64(1.756410193228341), 'sawtooth': np.float64(1.0)}
14:49:43 |   Max forgetting ratio: 1.756
14:49:43 | 
######################################################################
14:49:43 | # N = 200
14:49:43 | ######################################################################
14:49:43 |   Phase 1: Training on sine (K=1)
14:49:49 |     Errors: sine=1.1386 | lorenz=2.8037 | multi_sine=0.6649 | sawtooth=0.7501
14:49:49 |   Phase 2: Training on lorenz (K=3)
14:49:54 |     Errors: sine=0.9539 | lorenz=5.4582 | multi_sine=0.6649 | sawtooth=0.7501
14:49:54 |   Phase 3: Training on multi_sine (K=1)
14:49:58 |     Errors: sine=0.9557 | lorenz=2.8833 | multi_sine=1.1701 | sawtooth=0.7501
14:49:58 |   Phase 4: Training on sawtooth (K=1)
14:50:04 |     Errors: sine=1.0699 | lorenz=2.8797 | multi_sine=1.7807 | sawtooth=1.0271
14:50:04 |   N=200 done in 20.7s
14:50:04 |   Forgetting ratios: {'sine': np.float64(0.9396761855320773), 'lorenz': np.float64(0.5275981340878934), 'multi_sine': np.float64(1.5218451519513987), 'sawtooth': np.float64(1.0)}
14:50:04 |   Max forgetting ratio: 1.522
14:50:04 | 
######################################################################
14:50:04 | # N = 500
14:50:04 | ######################################################################
14:50:04 |   Phase 1: Training on sine (K=1)
14:50:09 |     Errors: sine=1.1928 | lorenz=2.8037 | multi_sine=0.6649 | sawtooth=0.7501
14:50:09 |   Phase 2: Training on lorenz (K=3)
14:50:16 |     Errors: sine=0.9588 | lorenz=2.6134 | multi_sine=0.6649 | sawtooth=0.7501
14:50:16 |   Phase 3: Training on multi_sine (K=1)
14:50:23 |     Errors: sine=0.9702 | lorenz=2.8401 | multi_sine=1.0806 | sawtooth=0.7501
14:50:23 |   Phase 4: Training on sawtooth (K=1)
14:50:29 |     Errors: sine=1.0374 | lorenz=2.7216 | multi_sine=0.7154 | sawtooth=0.8485
14:50:29 |   N=500 done in 25.4s
14:50:29 |   Forgetting ratios: {'sine': np.float64(0.8697083608600082), 'lorenz': np.float64(1.0413914420538712), 'multi_sine': np.float64(0.6620198735271909), 'sawtooth': np.float64(1.0)}
14:50:29 |   Max forgetting ratio: 1.041
14:50:29 | 
######################################################################
14:50:29 | # N = 1000
14:50:29 | ######################################################################
14:50:29 |   Phase 1: Training on sine (K=1)
14:50:37 |     Errors: sine=1.1318 | lorenz=2.8037 | multi_sine=0.6649 | sawtooth=0.7501
14:50:37 |   Phase 2: Training on lorenz (K=3)
14:50:45 |     Errors: sine=0.9585 | lorenz=5.8481 | multi_sine=0.6649 | sawtooth=0.7501
14:50:45 |   Phase 3: Training on multi_sine (K=1)
14:50:52 |     Errors: sine=0.9526 | lorenz=2.5312 | multi_sine=2.1509 | sawtooth=0.7501
14:50:52 |   Phase 4: Training on sawtooth (K=1)
14:51:00 |     Errors: sine=0.9552 | lorenz=3.3410 | multi_sine=0.6837 | sawtooth=1.6106
14:51:00 |   N=1000 done in 31.1s
14:51:00 |   Forgetting ratios: {'sine': np.float64(0.8439674994678372), 'lorenz': np.float64(0.5712913088821326), 'multi_sine': np.float64(0.3178623494251963), 'sawtooth': np.float64(1.0)}
14:51:00 |   Max forgetting ratio: 1.000
14:51:00 | 
######################################################################
14:51:00 | # N = 2000
14:51:00 | ######################################################################
14:51:00 |   Phase 1: Training on sine (K=1)
14:51:29 |     Errors: sine=1.4000 | lorenz=2.8037 | multi_sine=0.6649 | sawtooth=0.7501
14:51:29 |   Phase 2: Training on lorenz (K=3)
14:51:59 |     Errors: sine=0.9601 | lorenz=5.9366 | multi_sine=0.6649 | sawtooth=0.7501
14:51:59 |   Phase 3: Training on multi_sine (K=1)
14:52:32 |     Errors: sine=0.9522 | lorenz=2.4142 | multi_sine=1.5988 | sawtooth=0.7501
14:52:32 |   Phase 4: Training on sawtooth (K=1)
14:53:05 |     Errors: sine=0.9828 | lorenz=2.8227 | multi_sine=0.6889 | sawtooth=2.4519
14:53:05 |   N=2000 done in 124.7s
14:53:05 |   Forgetting ratios: {'sine': np.float64(0.7020517851874188), 'lorenz': np.float64(0.4754703574419564), 'multi_sine': np.float64(0.43089992313878445), 'sawtooth': np.float64(1.0)}
14:53:05 |   Max forgetting ratio: 1.000
14:53:05 | 
======================================================================
14:53:05 | SUMMARY: N-scaling results
14:53:05 | ======================================================================
14:53:05 |      N |  max_ratio |         sine |       lorenz |   multi_sine |     sawtooth
14:53:05 | -------------------------------------------------------------------------------
14:53:05 |    100 |      1.756 |        1.004 |        1.363 |        1.756 |        1.000
14:53:05 |    200 |      1.522 |        0.940 |        0.528 |        1.522 |        1.000
14:53:05 |    500 |      1.041 |        0.870 |        1.041 |        0.662 |        1.000
14:53:05 |   1000 |      1.000 |        0.844 |        0.571 |        0.318 |        1.000
14:53:05 |   2000 |      1.000 |        0.702 |        0.475 |        0.431 |        1.000
14:53:06 | 
All results in: /raid/predictive_alignment/results/exp3_5_N_scaling/
