22:05:51 | Device: cuda
22:05:51 | Config: N=500, K=1, g=1.2, tau=10.0, dt=0.1
22:05:51 |   eta_w=0.001, eta_m=0.0001, alpha=1.0
22:05:51 |   train=30s (300000 steps), test=10s
22:05:51 | Log file: /raid/predictive_alignment/results/01_sine_wave/experiment.log
22:05:51 |   Monitor with: tail -f /raid/predictive_alignment/results/01_sine_wave/experiment.log
22:05:52 | Lyapunov exponent before training: 6.6439
22:05:53 | Training for 300000 steps (30s simulated)...
22:05:56 |   step   10000/300000 (  3.3%) | mean_err=0.004129 | max|x|=9.11 | t=1000.0ms
22:05:58 |   step   20000/300000 (  6.7%) | mean_err=0.004440 | max|x|=10.22 | t=2000.0ms
22:06:00 |   step   30000/300000 ( 10.0%) | mean_err=0.005975 | max|x|=7.48 | t=3000.0ms
22:06:02 |   step   40000/300000 ( 13.3%) | mean_err=0.008282 | max|x|=9.11 | t=4000.0ms
22:06:04 |   step   50000/300000 ( 16.7%) | mean_err=0.007432 | max|x|=10.18 | t=5000.0ms
22:06:06 |   step   60000/300000 ( 20.0%) | mean_err=0.008049 | max|x|=7.62 | t=6000.0ms
22:06:09 |   step   70000/300000 ( 23.3%) | mean_err=0.008978 | max|x|=9.23 | t=7000.0ms
22:06:11 |   step   80000/300000 ( 26.7%) | mean_err=0.007750 | max|x|=10.20 | t=8000.0ms
22:06:13 |   step   90000/300000 ( 30.0%) | mean_err=0.007522 | max|x|=7.53 | t=9000.0ms
22:06:15 |   step  100000/300000 ( 33.3%) | mean_err=0.008024 | max|x|=9.08 | t=10000.0ms
22:06:17 |   step  110000/300000 ( 36.7%) | mean_err=0.006241 | max|x|=10.17 | t=11000.0ms
22:06:19 |   step  120000/300000 ( 40.0%) | mean_err=0.006186 | max|x|=7.54 | t=12000.0ms
22:06:22 |   step  130000/300000 ( 43.3%) | mean_err=0.006662 | max|x|=9.00 | t=13000.0ms
22:06:24 |   step  140000/300000 ( 46.7%) | mean_err=0.004942 | max|x|=10.15 | t=14000.0ms
22:06:26 |   step  150000/300000 ( 50.0%) | mean_err=0.005170 | max|x|=7.64 | t=15000.0ms
22:06:28 |   step  160000/300000 ( 53.3%) | mean_err=0.005859 | max|x|=8.94 | t=16000.0ms
22:06:30 |   step  170000/300000 ( 56.7%) | mean_err=0.004404 | max|x|=10.17 | t=17000.0ms
22:06:32 |   step  180000/300000 ( 60.0%) | mean_err=0.004203 | max|x|=7.62 | t=18000.0ms
22:06:34 |   step  190000/300000 ( 63.3%) | mean_err=0.004762 | max|x|=8.82 | t=19000.0ms
22:06:37 |   step  200000/300000 ( 66.7%) | mean_err=0.003780 | max|x|=10.19 | t=20000.0ms
22:06:39 |   step  210000/300000 ( 70.0%) | mean_err=0.003662 | max|x|=7.53 | t=21000.0ms
22:06:41 |   step  220000/300000 ( 73.3%) | mean_err=0.004008 | max|x|=8.85 | t=22000.0ms
22:06:43 |   step  230000/300000 ( 76.7%) | mean_err=0.003229 | max|x|=10.19 | t=23000.0ms
22:06:45 |   step  240000/300000 ( 80.0%) | mean_err=0.003252 | max|x|=7.54 | t=24000.0ms
22:06:47 |   step  250000/300000 ( 83.3%) | mean_err=0.003403 | max|x|=8.94 | t=25000.0ms
22:06:49 |   step  260000/300000 ( 86.7%) | mean_err=0.002927 | max|x|=10.18 | t=26000.0ms
22:06:52 |   step  270000/300000 ( 90.0%) | mean_err=0.002915 | max|x|=7.56 | t=27000.0ms
22:06:54 |   step  280000/300000 ( 93.3%) | mean_err=0.003104 | max|x|=8.94 | t=28000.0ms
22:06:56 |   step  290000/300000 ( 96.7%) | mean_err=0.002900 | max|x|=10.18 | t=29000.0ms
22:06:58 | Testing for 100000 steps (10s, plasticity off)...
22:07:07 | Lyapunov exponent after training: 47.2540
22:07:08 | Saved: /raid/predictive_alignment/results/01_sine_wave/test_autonomous.png
22:07:09 | === Results ===
22:07:09 | Lyapunov before: 6.6439
22:07:09 | Lyapunov after:  47.2540
22:07:09 | Early training error (mean): 0.004842
22:07:09 | Late training error (mean):  0.002956
22:07:09 | Test RMSE (plasticity off):  1.308619
22:07:09 | Plots saved to /raid/predictive_alignment/results/01_sine_wave/
22:07:09 | Saved: /raid/predictive_alignment/results/01_sine_wave/results.npz
