22:22:45 | Device: cuda
22:22:45 | Config: N=500, K=1, g=1.2, tau=10.0, dt=1.0
22:22:45 |   eta_w=0.001, eta_m=0.001, alpha=1.0
22:22:45 |   train=300s (300000 steps), test=10s
22:22:45 | Log file: /raid/predictive_alignment/results/01_sine_wave_v5/experiment.log
22:22:45 |   Monitor with: tail -f /raid/predictive_alignment/results/01_sine_wave_v5/experiment.log
22:22:46 | Lyapunov exponent before training: 1.0213
22:22:46 | Training for 300000 steps (300s simulated)...
22:22:48 |   step   10000/300000 (  3.3%) | mean_err=0.031076 | max|x|=9.28 | t=10000.0ms
22:22:50 |   step   20000/300000 (  6.7%) | mean_err=0.017015 | max|x|=10.15 | t=20000.0ms
22:22:52 |   step   30000/300000 ( 10.0%) | mean_err=0.010705 | max|x|=7.52 | t=30000.0ms
22:22:55 |   step   40000/300000 ( 13.3%) | mean_err=0.006840 | max|x|=8.93 | t=40000.0ms
22:22:57 |   step   50000/300000 ( 16.7%) | mean_err=0.005015 | max|x|=10.15 | t=50000.0ms
22:22:59 |   step   60000/300000 ( 20.0%) | mean_err=0.004062 | max|x|=7.53 | t=60000.0ms
22:23:01 |   step   70000/300000 ( 23.3%) | mean_err=0.003205 | max|x|=8.98 | t=70000.0ms
22:23:03 |   step   80000/300000 ( 26.7%) | mean_err=0.002883 | max|x|=10.15 | t=80000.0ms
22:23:05 |   step   90000/300000 ( 30.0%) | mean_err=0.002374 | max|x|=7.53 | t=90000.0ms
22:23:07 |   step  100000/300000 ( 33.3%) | mean_err=0.002015 | max|x|=9.00 | t=100000.0ms
22:23:09 |   step  110000/300000 ( 36.7%) | mean_err=0.001766 | max|x|=10.15 | t=110000.0ms
22:23:12 |   step  120000/300000 ( 40.0%) | mean_err=0.001605 | max|x|=7.52 | t=120000.0ms
22:23:14 |   step  130000/300000 ( 43.3%) | mean_err=0.001405 | max|x|=8.99 | t=130000.0ms
22:23:16 |   step  140000/300000 ( 46.7%) | mean_err=0.001314 | max|x|=10.15 | t=140000.0ms
22:23:18 |   step  150000/300000 ( 50.0%) | mean_err=0.001203 | max|x|=7.52 | t=150000.0ms
22:23:20 |   step  160000/300000 ( 53.3%) | mean_err=0.001240 | max|x|=8.99 | t=160000.0ms
22:23:22 |   step  170000/300000 ( 56.7%) | mean_err=0.001231 | max|x|=10.15 | t=170000.0ms
22:23:24 |   step  180000/300000 ( 60.0%) | mean_err=0.001212 | max|x|=7.52 | t=180000.0ms
22:23:26 |   step  190000/300000 ( 63.3%) | mean_err=0.001202 | max|x|=8.99 | t=190000.0ms
22:23:29 |   step  200000/300000 ( 66.7%) | mean_err=0.001149 | max|x|=10.15 | t=200000.0ms
22:23:31 |   step  210000/300000 ( 70.0%) | mean_err=0.001133 | max|x|=7.52 | t=210000.0ms
22:23:33 |   step  220000/300000 ( 73.3%) | mean_err=0.001151 | max|x|=8.99 | t=220000.0ms
22:23:35 |   step  230000/300000 ( 76.7%) | mean_err=0.001129 | max|x|=10.15 | t=230000.0ms
22:23:37 |   step  240000/300000 ( 80.0%) | mean_err=0.001107 | max|x|=7.52 | t=240000.0ms
22:23:39 |   step  250000/300000 ( 83.3%) | mean_err=0.001086 | max|x|=8.99 | t=250000.0ms
22:23:41 |   step  260000/300000 ( 86.7%) | mean_err=0.001031 | max|x|=10.15 | t=260000.0ms
22:23:43 |   step  270000/300000 ( 90.0%) | mean_err=0.000979 | max|x|=7.52 | t=270000.0ms
22:23:45 |   step  280000/300000 ( 93.3%) | mean_err=0.000941 | max|x|=8.99 | t=280000.0ms
22:23:47 |   step  290000/300000 ( 96.7%) | mean_err=0.000882 | max|x|=10.15 | t=290000.0ms
22:23:49 | Testing for 10000 steps (10s, plasticity off)...
22:23:51 | Lyapunov exponent after training: 3.5681
22:23:52 | Saved: /raid/predictive_alignment/results/01_sine_wave_v5/test_autonomous.png
22:23:53 | === Results ===
22:23:53 | Lyapunov before: 1.0213
22:23:53 | Lyapunov after:  3.5681
22:23:53 | Early training error (mean): 0.019607
22:23:53 | Late training error (mean):  0.000890
22:23:53 | Test RMSE (plasticity off):  0.027030
22:23:53 | Plots saved to /raid/predictive_alignment/results/01_sine_wave_v5/
22:23:53 | Saved: /raid/predictive_alignment/results/01_sine_wave_v5/results.npz
