22:09:06 | Device: cuda
22:09:06 | Config: N=500, K=1, g=1.2, tau=10.0, dt=0.1
22:09:06 |   eta_w=0.001, eta_m=1e-05, alpha=1.0
22:09:06 |   train=60s (600000 steps), test=10s
22:09:06 | Log file: /raid/predictive_alignment/results/01_sine_wave_v2/experiment.log
22:09:06 |   Monitor with: tail -f /raid/predictive_alignment/results/01_sine_wave_v2/experiment.log
22:09:07 | Lyapunov exponent before training: 6.6439
22:09:08 | Training for 600000 steps (60s simulated)...
22:09:10 |   step   10000/600000 (  1.7%) | mean_err=0.007103 | max|x|=8.77 | t=1000.0ms
22:09:12 |   step   20000/600000 (  3.3%) | mean_err=0.005637 | max|x|=9.98 | t=2000.0ms
22:09:14 |   step   30000/600000 (  5.0%) | mean_err=0.005767 | max|x|=7.63 | t=3000.0ms
22:09:16 |   step   40000/600000 (  6.7%) | mean_err=0.005957 | max|x|=8.71 | t=4000.0ms
22:09:18 |   step   50000/600000 (  8.3%) | mean_err=0.005038 | max|x|=9.90 | t=5000.0ms
22:09:21 |   step   60000/600000 ( 10.0%) | mean_err=0.005090 | max|x|=7.44 | t=6000.0ms
22:09:23 |   step   70000/600000 ( 11.7%) | mean_err=0.005640 | max|x|=9.24 | t=7000.0ms
22:09:25 |   step   80000/600000 ( 13.3%) | mean_err=0.004635 | max|x|=9.98 | t=8000.0ms
22:09:27 |   step   90000/600000 ( 15.0%) | mean_err=0.005030 | max|x|=7.40 | t=9000.0ms
22:09:29 |   step  100000/600000 ( 16.7%) | mean_err=0.005651 | max|x|=9.40 | t=10000.0ms
22:09:31 |   step  110000/600000 ( 18.3%) | mean_err=0.004944 | max|x|=9.89 | t=11000.0ms
22:09:33 |   step  120000/600000 ( 20.0%) | mean_err=0.005068 | max|x|=7.62 | t=12000.0ms
22:09:36 |   step  130000/600000 ( 21.7%) | mean_err=0.005766 | max|x|=9.43 | t=13000.0ms
22:09:38 |   step  140000/600000 ( 23.3%) | mean_err=0.005000 | max|x|=9.88 | t=14000.0ms
22:09:40 |   step  150000/600000 ( 25.0%) | mean_err=0.005125 | max|x|=7.64 | t=15000.0ms
22:09:42 |   step  160000/600000 ( 26.7%) | mean_err=0.004930 | max|x|=9.32 | t=16000.0ms
22:09:44 |   step  170000/600000 ( 28.3%) | mean_err=0.004284 | max|x|=9.89 | t=17000.0ms
22:09:46 |   step  180000/600000 ( 30.0%) | mean_err=0.004425 | max|x|=7.63 | t=18000.0ms
22:09:48 |   step  190000/600000 ( 31.7%) | mean_err=0.004934 | max|x|=9.19 | t=19000.0ms
22:09:51 |   step  200000/600000 ( 33.3%) | mean_err=0.004064 | max|x|=9.90 | t=20000.0ms
22:09:53 |   step  210000/600000 ( 35.0%) | mean_err=0.004074 | max|x|=7.62 | t=21000.0ms
22:09:55 |   step  220000/600000 ( 36.7%) | mean_err=0.004543 | max|x|=9.06 | t=22000.0ms
22:09:57 |   step  230000/600000 ( 38.3%) | mean_err=0.003950 | max|x|=9.91 | t=23000.0ms
22:09:59 |   step  240000/600000 ( 40.0%) | mean_err=0.004042 | max|x|=7.64 | t=24000.0ms
22:10:01 |   step  250000/600000 ( 41.7%) | mean_err=0.004870 | max|x|=8.95 | t=25000.0ms
22:10:03 |   step  260000/600000 ( 43.3%) | mean_err=0.004238 | max|x|=9.92 | t=26000.0ms
22:10:06 |   step  270000/600000 ( 45.0%) | mean_err=0.003997 | max|x|=7.67 | t=27000.0ms
22:10:08 |   step  280000/600000 ( 46.7%) | mean_err=0.005131 | max|x|=8.90 | t=28000.0ms
22:10:10 |   step  290000/600000 ( 48.3%) | mean_err=0.004389 | max|x|=9.93 | t=29000.0ms
22:10:12 |   step  300000/600000 ( 50.0%) | mean_err=0.004608 | max|x|=7.69 | t=30000.0ms
22:10:14 |   step  310000/600000 ( 51.7%) | mean_err=0.004977 | max|x|=8.85 | t=31000.0ms
22:10:16 |   step  320000/600000 ( 53.3%) | mean_err=0.004203 | max|x|=9.95 | t=32000.0ms
22:10:19 |   step  330000/600000 ( 55.0%) | mean_err=0.004457 | max|x|=7.69 | t=33000.0ms
22:10:21 |   step  340000/600000 ( 56.7%) | mean_err=0.004997 | max|x|=8.82 | t=34000.0ms
22:10:23 |   step  350000/600000 ( 58.3%) | mean_err=0.004279 | max|x|=9.96 | t=35000.0ms
22:10:25 |   step  360000/600000 ( 60.0%) | mean_err=0.004571 | max|x|=7.68 | t=36000.0ms
22:10:27 |   step  370000/600000 ( 61.7%) | mean_err=0.004462 | max|x|=8.80 | t=37000.0ms
22:10:29 |   step  380000/600000 ( 63.3%) | mean_err=0.003569 | max|x|=9.98 | t=38000.0ms
22:10:31 |   step  390000/600000 ( 65.0%) | mean_err=0.003484 | max|x|=7.67 | t=39000.0ms
22:10:34 |   step  400000/600000 ( 66.7%) | mean_err=0.004075 | max|x|=8.79 | t=40000.0ms
22:10:36 |   step  410000/600000 ( 68.3%) | mean_err=0.003668 | max|x|=10.00 | t=41000.0ms
22:10:38 |   step  420000/600000 ( 70.0%) | mean_err=0.003751 | max|x|=7.65 | t=42000.0ms
22:10:40 |   step  430000/600000 ( 71.7%) | mean_err=0.004176 | max|x|=8.79 | t=43000.0ms
22:10:42 |   step  440000/600000 ( 73.3%) | mean_err=0.003850 | max|x|=10.01 | t=44000.0ms
22:10:44 |   step  450000/600000 ( 75.0%) | mean_err=0.003963 | max|x|=7.63 | t=45000.0ms
22:10:46 |   step  460000/600000 ( 76.7%) | mean_err=0.004603 | max|x|=8.79 | t=46000.0ms
22:10:49 |   step  470000/600000 ( 78.3%) | mean_err=0.004128 | max|x|=10.02 | t=47000.0ms
22:10:51 |   step  480000/600000 ( 80.0%) | mean_err=0.003918 | max|x|=7.61 | t=48000.0ms
22:10:53 |   step  490000/600000 ( 81.7%) | mean_err=0.004225 | max|x|=8.80 | t=49000.0ms
22:10:55 |   step  500000/600000 ( 83.3%) | mean_err=0.003595 | max|x|=10.04 | t=50000.0ms
22:10:57 |   step  510000/600000 ( 85.0%) | mean_err=0.003749 | max|x|=7.59 | t=51000.0ms
22:10:59 |   step  520000/600000 ( 86.7%) | mean_err=0.003619 | max|x|=8.80 | t=52000.0ms
22:11:01 |   step  530000/600000 ( 88.3%) | mean_err=0.003054 | max|x|=10.05 | t=53000.0ms
22:11:04 |   step  540000/600000 ( 90.0%) | mean_err=0.003452 | max|x|=7.58 | t=54000.0ms
22:11:06 |   step  550000/600000 ( 91.7%) | mean_err=0.003892 | max|x|=8.80 | t=55000.0ms
22:11:08 |   step  560000/600000 ( 93.3%) | mean_err=0.003478 | max|x|=10.06 | t=56000.0ms
22:11:10 |   step  570000/600000 ( 95.0%) | mean_err=0.003766 | max|x|=7.57 | t=57000.0ms
22:11:12 |   step  580000/600000 ( 96.7%) | mean_err=0.003825 | max|x|=8.81 | t=58000.0ms
22:11:14 |   step  590000/600000 ( 98.3%) | mean_err=0.003362 | max|x|=10.07 | t=59000.0ms
22:11:16 | Testing for 100000 steps (10s, plasticity off)...
22:11:25 | Lyapunov exponent after training: 40.3818
22:11:26 | Saved: /raid/predictive_alignment/results/01_sine_wave_v2/test_autonomous.png
22:11:27 | === Results ===
22:11:27 | Lyapunov before: 6.6439
22:11:27 | Lyapunov after:  40.3818
22:11:27 | Early training error (mean): 0.005765
22:11:27 | Late training error (mean):  0.003583
22:11:27 | Test RMSE (plasticity off):  0.474791
22:11:27 | Plots saved to /raid/predictive_alignment/results/01_sine_wave_v2/
22:11:27 | Saved: /raid/predictive_alignment/results/01_sine_wave_v2/results.npz
