20:43:54 | Exp 3.8: Q ablation — is Q orthogonality the key mechanism?
20:43:54 | N=500, Tasks: ['sine', 'lorenz', 'multi_sine', 'sawtooth']
20:43:54 | Device: cuda
20:43:54 | 
============================================================
20:43:54 | Condition: Independent Q per task (baseline) (q_mode=independent)
20:43:54 | ============================================================
20:44:23 | 
Forgetting matrix:
20:44:23 |    Trained through        sine      lorenz  multi_sine    sawtooth
20:44:23 |               sine      1.1051      2.8037      0.6649      0.7501
20:44:23 |             lorenz      0.9560      6.0626      0.6649      0.7501
20:44:23 |         multi_sine      0.9622      2.1805      0.7974      0.7501
20:44:23 |           sawtooth      0.9562      3.1123      0.7209      0.8898
20:44:23 | 
Forgetting ratios: {'sine': np.float64(0.8652833628918517), 'lorenz': np.float64(0.513358818984343), 'multi_sine': np.float64(0.9040255806077027), 'sawtooth': np.float64(1.0)}
20:44:23 | Max forgetting ratio: 1.000
20:44:23 | Time: 28.3s
20:44:23 | 
============================================================
20:44:23 | Condition: Shared Q (same feedback, separate w) (q_mode=shared_Q)
20:44:23 | ============================================================
20:44:51 | 
Forgetting matrix:
20:44:51 |    Trained through        sine      lorenz  multi_sine    sawtooth
20:44:51 |               sine      1.0450      2.8037      0.6649      0.7501
20:44:51 |             lorenz      0.9636      5.9237      0.6649      0.7501
20:44:51 |         multi_sine      1.2460      4.6179      1.4842      0.7501
20:44:51 |           sawtooth      1.0241      1.5284      0.8334      0.8189
20:44:51 | 
Forgetting ratios: {'sine': np.float64(0.9800264842544567), 'lorenz': np.float64(0.25801867768953024), 'multi_sine': np.float64(0.5615190787000237), 'sawtooth': np.float64(1.0)}
20:44:51 | Max forgetting ratio: 1.000
20:44:51 | Time: 27.9s
20:44:51 | 
============================================================
20:44:51 | Condition: Shared Q AND shared w (q_mode=shared_Q_w)
20:44:51 | ============================================================
20:45:18 | 
Forgetting matrix:
20:45:18 |    Trained through        sine      lorenz  multi_sine    sawtooth
20:45:18 |               sine      1.2068      2.8037      0.6649      0.7501
20:45:18 |             lorenz      0.9951      5.7950      0.6649      0.7501
20:45:18 |         multi_sine      1.1090      1.2588      0.8697      0.7501
20:45:18 |           sawtooth      1.0344      5.7540      0.6969      0.9801
20:45:18 | 
Forgetting ratios: {'sine': np.float64(0.8571583481101466), 'lorenz': np.float64(0.9929398671811197), 'multi_sine': np.float64(0.801386567404658), 'sawtooth': np.float64(1.0)}
20:45:18 | Max forgetting ratio: 1.000
20:45:18 | Time: 27.8s
20:45:18 | 
======================================================================
20:45:18 | SUMMARY
20:45:18 | ======================================================================
20:45:18 | 
Independent Q per task (baseline):
20:45:18 |   Max ratio: 1.000
20:45:18 |           sine: 0.865
20:45:18 |         lorenz: 0.513
20:45:18 |     multi_sine: 0.904
20:45:18 |       sawtooth: 1.000
20:45:18 | 
Shared Q (same feedback, separate w):
20:45:18 |   Max ratio: 1.000
20:45:18 |           sine: 0.980
20:45:18 |         lorenz: 0.258
20:45:18 |     multi_sine: 0.562
20:45:18 |       sawtooth: 1.000
20:45:18 | 
Shared Q AND shared w:
20:45:18 |   Max ratio: 1.000
20:45:18 |           sine: 0.857
20:45:18 |         lorenz: 0.993
20:45:18 |     multi_sine: 0.801
20:45:18 |       sawtooth: 1.000
20:45:19 | 
All results in: /raid/predictive_alignment/results/exp3_8_Q_ablation/
