00:28:34 | Config: N=500, K=1, g=1.2, dt=1.0, eta_w=0.001, eta_m=0.001
00:28:34 | Alpha values: [0.0, 0.25, 0.5, 0.75, 1.0, 1.5, 2.0], seeds per alpha: 20
00:28:34 | Train: 300s (300000 steps per run)
00:28:34 | Total runs: 140
00:28:34 | Log: tail -f /raid/predictive_alignment/results/02_break_alpha/experiment.log
00:28:34 | 
=== alpha = 0.0 ===
00:29:37 |   alpha=0.0 seed=0: error=0.009281, lyap=0.3177, align=53.2293
00:33:45 |   alpha=0.0 seed=4: error=0.007149, lyap=0.3111, align=-4.2729
00:38:56 |   alpha=0.0 seed=9: error=0.005497, lyap=0.3286, align=51.0309
00:44:06 |   alpha=0.0 seed=14: error=0.011322, lyap=0.3565, align=19.1126
00:49:15 |   alpha=0.0 seed=19: error=0.009615, lyap=0.3259, align=105.4512
00:49:15 |   alpha=0.0 SUMMARY: mean_error=0.009525, mean_lyap=0.3182
00:49:15 | 
=== alpha = 0.25 ===
00:50:17 |   alpha=0.25 seed=0: error=0.006947, lyap=0.3276, align=169.4946
00:54:25 |   alpha=0.25 seed=4: error=0.010948, lyap=0.3244, align=114.0779
00:59:34 |   alpha=0.25 seed=9: error=0.004273, lyap=0.3219, align=172.3604
01:04:43 |   alpha=0.25 seed=14: error=0.005326, lyap=0.3618, align=134.7214
01:09:53 |   alpha=0.25 seed=19: error=0.003847, lyap=0.3074, align=221.0010
01:09:53 |   alpha=0.25 SUMMARY: mean_error=0.006846, mean_lyap=0.3392
01:09:53 | 
=== alpha = 0.5 ===
01:10:55 |   alpha=0.5 seed=0: error=0.002875, lyap=0.3456, align=287.5110
01:15:03 |   alpha=0.5 seed=4: error=0.001858, lyap=0.3635, align=238.9386
01:20:12 |   alpha=0.5 seed=9: error=0.003833, lyap=0.3427, align=303.1051
01:25:23 |   alpha=0.5 seed=14: error=0.001891, lyap=0.3525, align=265.1137
01:30:33 |   alpha=0.5 seed=19: error=0.005716, lyap=0.3231, align=342.6868
01:30:33 |   alpha=0.5 SUMMARY: mean_error=0.004044, mean_lyap=0.3493
01:30:33 | 
=== alpha = 0.75 ===
01:31:35 |   alpha=0.75 seed=0: error=0.003075, lyap=0.3718, align=414.3685
01:35:43 |   alpha=0.75 seed=4: error=0.002917, lyap=0.3644, align=370.8895
01:40:52 |   alpha=0.75 seed=9: error=0.004266, lyap=0.0000, align=440.5347
01:46:02 |   alpha=0.75 seed=14: error=0.000796, lyap=0.3850, align=399.8029
01:51:12 |   alpha=0.75 seed=19: error=0.005229, lyap=0.3507, align=471.3250
01:51:12 |   alpha=0.75 SUMMARY: mean_error=0.003140, mean_lyap=0.3466
01:51:12 | 
=== alpha = 1.0 ===
01:52:14 |   alpha=1.0 seed=0: error=0.000452, lyap=0.3609, align=544.7004
01:56:22 |   alpha=1.0 seed=4: error=0.000872, lyap=0.3541, align=511.6985
02:01:32 |   alpha=1.0 seed=9: error=0.006592, lyap=0.3485, align=583.8504
02:06:42 |   alpha=1.0 seed=14: error=0.000956, lyap=0.3595, align=542.1772
02:11:52 |   alpha=1.0 seed=19: error=0.002021, lyap=0.3556, align=621.3628
02:11:52 |   alpha=1.0 SUMMARY: mean_error=0.001570, mean_lyap=0.3626
02:11:52 | 
=== alpha = 1.5 ===
02:12:54 |   alpha=1.5 seed=0: error=0.019818, lyap=0.1697, align=839.6317
02:17:01 |   alpha=1.5 seed=4: error=0.009731, lyap=0.2535, align=835.5655
02:22:10 |   alpha=1.5 seed=9: error=0.000555, lyap=0.3023, align=840.1466
02:27:20 |   alpha=1.5 seed=14: error=0.008684, lyap=0.2675, align=847.2931
02:32:29 |   alpha=1.5 seed=19: error=0.008740, lyap=0.2857, align=934.4945
02:32:29 |   alpha=1.5 SUMMARY: mean_error=0.009054, mean_lyap=0.2823
02:32:29 | 
=== alpha = 2.0 ===
02:33:31 |   alpha=2.0 seed=0: error=0.037999, lyap=0.2986, align=1141.8411
02:37:40 |   alpha=2.0 seed=4: error=0.019030, lyap=0.2307, align=1149.6611
02:42:52 |   alpha=2.0 seed=9: error=0.010811, lyap=0.3049, align=1115.6477
02:48:04 |   alpha=2.0 seed=14: error=0.021138, lyap=0.3082, align=1136.2045
02:53:15 |   alpha=2.0 seed=19: error=0.020702, lyap=0.2809, align=1191.3572
02:53:15 |   alpha=2.0 SUMMARY: mean_error=0.026649, mean_lyap=0.2862
