20:13:28 | Exp 3.7: G ablation — does the fixed scaffold prevent forgetting?
20:13:28 | N=500, Tasks: ['sine', 'lorenz', 'multi_sine', 'sawtooth']
20:13:28 | Device: cuda
20:13:28 | 
============================================================
20:13:28 | Condition: Standard PA (G + M) (g_mode=normal)
20:13:28 | ============================================================
20:13:55 | 
Forgetting matrix:
20:13:55 |    Trained through        sine      lorenz  multi_sine    sawtooth
20:13:55 |               sine      1.1051      2.8037      0.6649      0.7501
20:13:55 |             lorenz      0.9560      6.0626      0.6649      0.7501
20:13:55 |         multi_sine      0.9622      2.1805      0.7974      0.7501
20:13:55 |           sawtooth      0.9562      3.1123      0.7209      0.8898
20:13:55 | 
Forgetting ratios: {'sine': np.float64(0.8652833628918517), 'lorenz': np.float64(0.513358818984343), 'multi_sine': np.float64(0.9040255806077027), 'sawtooth': np.float64(1.0)}
20:13:55 | Max forgetting ratio: 1.000
20:13:55 | Time: 27.4s
20:13:55 | 
============================================================
20:13:55 | Condition: G=0, M starts at g=1.2 (g_mode=no_G)
20:13:55 | ============================================================
20:14:22 | 
Forgetting matrix:
20:14:22 |    Trained through        sine      lorenz  multi_sine    sawtooth
20:14:22 |               sine      0.9443      2.8037      0.6649      0.7501
20:14:22 |             lorenz      0.9436      2.8037      0.6649      0.7501
20:14:22 |         multi_sine      0.9501      2.8037      0.6649      0.7501
20:14:22 |           sawtooth      0.9387      2.8037      0.6649      0.7501
20:14:22 | 
Forgetting ratios: {'sine': np.float64(0.9940310693889076), 'lorenz': np.float64(1.0000000000124702), 'multi_sine': np.float64(1.0000000000044167), 'sawtooth': np.float64(1.0)}
20:14:22 | Max forgetting ratio: 1.000
20:14:22 | Time: 26.9s
20:14:22 | 
============================================================
20:14:22 | Condition: G=0, M starts small (g_mode=no_G_no_M)
20:14:22 | ============================================================
20:14:50 | 
Forgetting matrix:
20:14:50 |    Trained through        sine      lorenz  multi_sine    sawtooth
20:14:50 |               sine      0.9525      2.8037      0.6649      0.7501
20:14:50 |             lorenz      0.9525      2.8037      0.6649      0.7501
20:14:50 |         multi_sine      0.9525      2.8037      0.6649      0.7501
20:14:50 |           sawtooth      0.9525      2.8037      0.6649      0.7501
20:14:50 | 
Forgetting ratios: {'sine': np.float64(1.0000003424040131), 'lorenz': np.float64(1.0), 'multi_sine': np.float64(1.0), 'sawtooth': np.float64(1.0)}
20:14:50 | Max forgetting ratio: 1.000
20:14:50 | Time: 27.3s
20:14:50 | 
======================================================================
20:14:50 | SUMMARY
20:14:50 | ======================================================================
20:14:50 | 
Standard PA (G + M):
20:14:50 |   Max ratio: 1.000
20:14:50 |           sine: 0.865
20:14:50 |         lorenz: 0.513
20:14:50 |     multi_sine: 0.904
20:14:50 |       sawtooth: 1.000
20:14:50 | 
G=0, M starts at g=1.2:
20:14:50 |   Max ratio: 1.000
20:14:50 |           sine: 0.994
20:14:50 |         lorenz: 1.000
20:14:50 |     multi_sine: 1.000
20:14:50 |       sawtooth: 1.000
20:14:50 | 
G=0, M starts small:
20:14:50 |   Max ratio: 1.000
20:14:50 |           sine: 1.000
20:14:50 |         lorenz: 1.000
20:14:50 |     multi_sine: 1.000
20:14:50 |       sawtooth: 1.000
20:14:50 | 
All results in: /raid/predictive_alignment/results/exp3_7_G_ablation/
